<?xml version="1.0" encoding="UTF-8"?>
<!-- Generated by org.testng.reporters.JUnitReportReporter -->
<testsuite hostname="DESKTOP-SE0AQ15" name="com.lemon.web.auto.day02.section01.testcase.LoginTester" tests="4" failures="0" timestamp="16 Nov 2019 05:55:52 GMT" time="7.020" errors="0">
  <testcase name="test_case" time="0.279" classname="com.lemon.web.auto.day02.section01.testcase.LoginTester"/>
  <testcase name="test_case" time="6.109" classname="com.lemon.web.auto.day02.section01.testcase.LoginTester"/>
  <testcase name="test_case" time="0.331" classname="com.lemon.web.auto.day02.section01.testcase.LoginTester"/>
  <testcase name="test_case" time="0.301" classname="com.lemon.web.auto.day02.section01.testcase.LoginTester"/>
</testsuite> <!-- com.lemon.web.auto.day02.section01.testcase.LoginTester -->
