<?xml version="1.0" encoding="UTF-8"?>
<!-- Generated by org.testng.reporters.JUnitReportReporter -->
<testsuite hostname="DESKTOP-SE0AQ15" name="com.lemon.web.auto.day02.section01.testcase.register.RegisterTester" tests="6" failures="0" timestamp="16 Nov 2019 14:13:47 GMT" time="7.989" errors="0">
  <testcase name="test_case" time="1.180" classname="com.lemon.web.auto.day02.section01.testcase.register.RegisterTester"/>
  <testcase name="test_case" time="2.444" classname="com.lemon.web.auto.day02.section01.testcase.register.RegisterTester"/>
  <testcase name="test_case" time="0.994" classname="com.lemon.web.auto.day02.section01.testcase.register.RegisterTester"/>
  <testcase name="test_case" time="1.013" classname="com.lemon.web.auto.day02.section01.testcase.register.RegisterTester"/>
  <testcase name="test_case" time="1.158" classname="com.lemon.web.auto.day02.section01.testcase.register.RegisterTester"/>
  <testcase name="test_case" time="1.200" classname="com.lemon.web.auto.day02.section01.testcase.register.RegisterTester"/>
</testsuite> <!-- com.lemon.web.auto.day02.section01.testcase.register.RegisterTester -->
