<?xml version="1.0" encoding="UTF-8"?>
<!-- Generated by org.testng.reporters.JUnitReportReporter -->
<testsuite hostname="DESKTOP-SE0AQ15" name="com.lemon.web.auto.day02.section01.testcase.RegisterTester" tests="6" failures="0" timestamp="16 Nov 2019 05:55:52 GMT" time="2.974" errors="0">
  <testcase name="test_case" time="0.423" classname="com.lemon.web.auto.day02.section01.testcase.RegisterTester"/>
  <testcase name="test_case" time="0.437" classname="com.lemon.web.auto.day02.section01.testcase.RegisterTester"/>
  <testcase name="test_case" time="0.535" classname="com.lemon.web.auto.day02.section01.testcase.RegisterTester"/>
  <testcase name="test_case" time="0.460" classname="com.lemon.web.auto.day02.section01.testcase.RegisterTester"/>
  <testcase name="test_case" time="0.600" classname="com.lemon.web.auto.day02.section01.testcase.RegisterTester"/>
  <testcase name="test_case" time="0.519" classname="com.lemon.web.auto.day02.section01.testcase.RegisterTester"/>
</testsuite> <!-- com.lemon.web.auto.day02.section01.testcase.RegisterTester -->
