<?xml version="1.0" encoding="UTF-8"?>
<!-- Generated by org.testng.reporters.JUnitReportReporter -->
<testsuite hostname="DESKTOP-SE0AQ15" name="com.lemon.web.auto.day02.section01.testcase.login.LoginTester" tests="5" failures="0" timestamp="17 Nov 2019 14:14:49 GMT" time="7.619" errors="0">
  <testcase name="test_case_success" time="0.897" classname="com.lemon.web.auto.day02.section01.testcase.login.LoginTester"/>
  <testcase name="test_case_failure" time="0.426" classname="com.lemon.web.auto.day02.section01.testcase.login.LoginTester"/>
  <testcase name="test_case_failure" time="0.373" classname="com.lemon.web.auto.day02.section01.testcase.login.LoginTester"/>
  <testcase name="test_case_failure" time="5.554" classname="com.lemon.web.auto.day02.section01.testcase.login.LoginTester"/>
  <testcase name="test_case_failure" time="0.369" classname="com.lemon.web.auto.day02.section01.testcase.login.LoginTester"/>
</testsuite> <!-- com.lemon.web.auto.day02.section01.testcase.login.LoginTester -->
