<?xml version="1.0" encoding="UTF-8"?>
<!-- Generated by org.testng.reporters.JUnitReportReporter -->
<testsuite hostname="DESKTOP-SE0AQ15" name="com.lemon.web.auto.day02.section01.RegisterTester" tests="6" failures="0" timestamp="16 Nov 2019 05:22:24 GMT" time="7.155" errors="0">
  <testcase name="test_case" time="0.418" classname="com.lemon.web.auto.day02.section01.RegisterTester"/>
  <testcase name="test_case" time="0.413" classname="com.lemon.web.auto.day02.section01.RegisterTester"/>
  <testcase name="test_case" time="0.493" classname="com.lemon.web.auto.day02.section01.RegisterTester"/>
  <testcase name="test_case" time="0.520" classname="com.lemon.web.auto.day02.section01.RegisterTester"/>
  <testcase name="test_case" time="4.774" classname="com.lemon.web.auto.day02.section01.RegisterTester"/>
  <testcase name="test_case" time="0.537" classname="com.lemon.web.auto.day02.section01.RegisterTester"/>
</testsuite> <!-- com.lemon.web.auto.day02.section01.RegisterTester -->
